{"/mnt/c/users/mikep/onedrive/desktop/springboard/back_end_begining/Express_Postgres/Node_pg_intro/express-biztime/routes/companies.js": {"path":"/mnt/c/users/mikep/onedrive/desktop/springboard/back_end_begining/Express_Postgres/Node_pg_intro/express-biztime/routes/companies.js","statementMap":{"0":{"start":{"line":1,"column":16},"end":{"line":1,"column":34}},"1":{"start":{"line":2,"column":21},"end":{"line":2,"column":47}},"2":{"start":{"line":3,"column":15},"end":{"line":3,"column":31}},"3":{"start":{"line":4,"column":11},"end":{"line":4,"column":27}},"4":{"start":{"line":5,"column":16},"end":{"line":5,"column":34}},"5":{"start":{"line":7,"column":0},"end":{"line":14,"column":3}},"6":{"start":{"line":8,"column":2},"end":{"line":13,"column":3}},"7":{"start":{"line":9,"column":20},"end":{"line":9,"column":61}},"8":{"start":{"line":10,"column":4},"end":{"line":10,"column":49}},"9":{"start":{"line":12,"column":4},"end":{"line":12,"column":19}},"10":{"start":{"line":16,"column":0},"end":{"line":29,"column":3}},"11":{"start":{"line":17,"column":2},"end":{"line":28,"column":3}},"12":{"start":{"line":18,"column":21},"end":{"line":18,"column":31}},"13":{"start":{"line":19,"column":20},"end":{"line":21,"column":6}},"14":{"start":{"line":22,"column":4},"end":{"line":24,"column":5}},"15":{"start":{"line":23,"column":6},"end":{"line":23,"column":75}},"16":{"start":{"line":25,"column":4},"end":{"line":25,"column":50}},"17":{"start":{"line":27,"column":4},"end":{"line":27,"column":19}},"18":{"start":{"line":31,"column":0},"end":{"line":47,"column":3}},"19":{"start":{"line":32,"column":2},"end":{"line":46,"column":3}},"20":{"start":{"line":33,"column":40},"end":{"line":33,"column":48}},"21":{"start":{"line":34,"column":17},"end":{"line":34,"column":30}},"22":{"start":{"line":35,"column":20},"end":{"line":40,"column":5}},"23":{"start":{"line":42,"column":4},"end":{"line":42,"column":62}},"24":{"start":{"line":44,"column":4},"end":{"line":44,"column":21}},"25":{"start":{"line":45,"column":4},"end":{"line":45,"column":19}},"26":{"start":{"line":49,"column":0},"end":{"line":69,"column":3}},"27":{"start":{"line":50,"column":2},"end":{"line":68,"column":3}},"28":{"start":{"line":51,"column":21},"end":{"line":51,"column":31}},"29":{"start":{"line":52,"column":34},"end":{"line":52,"column":42}},"30":{"start":{"line":53,"column":28},"end":{"line":56,"column":5}},"31":{"start":{"line":57,"column":4},"end":{"line":59,"column":5}},"32":{"start":{"line":58,"column":6},"end":{"line":58,"column":77}},"33":{"start":{"line":60,"column":20},"end":{"line":63,"column":5}},"34":{"start":{"line":65,"column":4},"end":{"line":65,"column":50}},"35":{"start":{"line":67,"column":4},"end":{"line":67,"column":19}},"36":{"start":{"line":71,"column":0},"end":{"line":79,"column":3}},"37":{"start":{"line":72,"column":2},"end":{"line":78,"column":3}},"38":{"start":{"line":73,"column":21},"end":{"line":73,"column":31}},"39":{"start":{"line":74,"column":20},"end":{"line":74,"column":77}},"40":{"start":{"line":75,"column":4},"end":{"line":75,"column":44}},"41":{"start":{"line":77,"column":4},"end":{"line":77,"column":19}},"42":{"start":{"line":81,"column":0},"end":{"line":81,"column":24}}},"fnMap":{"0":{"name":"(anonymous_0)","decl":{"start":{"line":7,"column":16},"end":{"line":7,"column":17}},"loc":{"start":{"line":7,"column":42},"end":{"line":14,"column":1}},"line":7},"1":{"name":"(anonymous_1)","decl":{"start":{"line":16,"column":21},"end":{"line":16,"column":22}},"loc":{"start":{"line":16,"column":47},"end":{"line":29,"column":1}},"line":16},"2":{"name":"(anonymous_2)","decl":{"start":{"line":31,"column":17},"end":{"line":31,"column":18}},"loc":{"start":{"line":31,"column":43},"end":{"line":47,"column":1}},"line":31},"3":{"name":"(anonymous_3)","decl":{"start":{"line":49,"column":21},"end":{"line":49,"column":22}},"loc":{"start":{"line":49,"column":47},"end":{"line":69,"column":1}},"line":49},"4":{"name":"(anonymous_4)","decl":{"start":{"line":71,"column":24},"end":{"line":71,"column":25}},"loc":{"start":{"line":71,"column":50},"end":{"line":79,"column":1}},"line":71}},"branchMap":{"0":{"loc":{"start":{"line":22,"column":4},"end":{"line":24,"column":5}},"type":"if","locations":[{"start":{"line":22,"column":4},"end":{"line":24,"column":5}},{"start":{},"end":{}}],"line":22},"1":{"loc":{"start":{"line":57,"column":4},"end":{"line":59,"column":5}},"type":"if","locations":[{"start":{"line":57,"column":4},"end":{"line":59,"column":5}},{"start":{},"end":{}}],"line":57},"2":{"loc":{"start":{"line":62,"column":7},"end":{"line":62,"column":28}},"type":"binary-expr","locations":[{"start":{"line":62,"column":7},"end":{"line":62,"column":20}},{"start":{"line":62,"column":24},"end":{"line":62,"column":28}}],"line":62}},"s":{"0":1,"1":1,"2":1,"3":1,"4":1,"5":1,"6":0,"7":0,"8":0,"9":0,"10":1,"11":0,"12":0,"13":0,"14":0,"15":0,"16":0,"17":0,"18":1,"19":0,"20":0,"21":0,"22":0,"23":0,"24":0,"25":0,"26":1,"27":0,"28":0,"29":0,"30":0,"31":0,"32":0,"33":0,"34":0,"35":0,"36":1,"37":0,"38":0,"39":0,"40":0,"41":0,"42":1},"f":{"0":0,"1":0,"2":0,"3":0,"4":0},"b":{"0":[0,0],"1":[0,0],"2":[0,0]},"_coverageSchema":"1a1c01bbd47fc00a2c39e90264f33305004495a9","hash":"19094045d17f4bf9d8e67ebad27dad888f4e80ba"}
,"/mnt/c/users/mikep/onedrive/desktop/springboard/back_end_begining/Express_Postgres/Node_pg_intro/express-biztime/routes/invoices.js": {"path":"/mnt/c/users/mikep/onedrive/desktop/springboard/back_end_begining/Express_Postgres/Node_pg_intro/express-biztime/routes/invoices.js","statementMap":{"0":{"start":{"line":1,"column":16},"end":{"line":1,"column":34}},"1":{"start":{"line":2,"column":21},"end":{"line":2,"column":47}},"2":{"start":{"line":3,"column":15},"end":{"line":3,"column":31}},"3":{"start":{"line":4,"column":11},"end":{"line":4,"column":27}},"4":{"start":{"line":6,"column":0},"end":{"line":13,"column":3}},"5":{"start":{"line":7,"column":2},"end":{"line":12,"column":3}},"6":{"start":{"line":8,"column":20},"end":{"line":8,"column":60}},"7":{"start":{"line":9,"column":4},"end":{"line":9,"column":48}},"8":{"start":{"line":11,"column":4},"end":{"line":11,"column":19}},"9":{"start":{"line":15,"column":0},"end":{"line":28,"column":3}},"10":{"start":{"line":16,"column":2},"end":{"line":27,"column":3}},"11":{"start":{"line":17,"column":19},"end":{"line":17,"column":29}},"12":{"start":{"line":18,"column":20},"end":{"line":20,"column":6}},"13":{"start":{"line":21,"column":4},"end":{"line":23,"column":5}},"14":{"start":{"line":22,"column":6},"end":{"line":22,"column":73}},"15":{"start":{"line":24,"column":4},"end":{"line":24,"column":50}},"16":{"start":{"line":26,"column":4},"end":{"line":26,"column":19}},"17":{"start":{"line":30,"column":0},"end":{"line":45,"column":3}},"18":{"start":{"line":31,"column":2},"end":{"line":44,"column":3}},"19":{"start":{"line":32,"column":58},"end":{"line":32,"column":66}},"20":{"start":{"line":34,"column":20},"end":{"line":39,"column":5}},"21":{"start":{"line":41,"column":4},"end":{"line":41,"column":62}},"22":{"start":{"line":43,"column":4},"end":{"line":43,"column":19}},"23":{"start":{"line":47,"column":0},"end":{"line":78,"column":3}},"24":{"start":{"line":48,"column":2},"end":{"line":77,"column":3}},"25":{"start":{"line":49,"column":19},"end":{"line":49,"column":29}},"26":{"start":{"line":50,"column":20},"end":{"line":50,"column":28}},"27":{"start":{"line":51,"column":28},"end":{"line":54,"column":5}},"28":{"start":{"line":55,"column":4},"end":{"line":57,"column":5}},"29":{"start":{"line":56,"column":6},"end":{"line":56,"column":73}},"30":{"start":{"line":58,"column":27},"end":{"line":58,"column":48}},"31":{"start":{"line":59,"column":19},"end":{"line":59,"column":23}},"32":{"start":{"line":60,"column":4},"end":{"line":66,"column":5}},"33":{"start":{"line":61,"column":6},"end":{"line":61,"column":28}},"34":{"start":{"line":62,"column":11},"end":{"line":66,"column":5}},"35":{"start":{"line":63,"column":6},"end":{"line":63,"column":22}},"36":{"start":{"line":65,"column":6},"end":{"line":65,"column":42}},"37":{"start":{"line":67,"column":20},"end":{"line":73,"column":5}},"38":{"start":{"line":74,"column":4},"end":{"line":74,"column":50}},"39":{"start":{"line":76,"column":4},"end":{"line":76,"column":19}},"40":{"start":{"line":80,"column":0},"end":{"line":88,"column":3}},"41":{"start":{"line":81,"column":2},"end":{"line":87,"column":3}},"42":{"start":{"line":82,"column":19},"end":{"line":82,"column":29}},"43":{"start":{"line":83,"column":20},"end":{"line":83,"column":75}},"44":{"start":{"line":84,"column":4},"end":{"line":84,"column":44}},"45":{"start":{"line":86,"column":4},"end":{"line":86,"column":19}},"46":{"start":{"line":90,"column":0},"end":{"line":115,"column":3}},"47":{"start":{"line":91,"column":2},"end":{"line":114,"column":3}},"48":{"start":{"line":92,"column":21},"end":{"line":92,"column":31}},"49":{"start":{"line":94,"column":26},"end":{"line":97,"column":5}},"50":{"start":{"line":99,"column":27},"end":{"line":102,"column":5}},"51":{"start":{"line":104,"column":4},"end":{"line":106,"column":5}},"52":{"start":{"line":105,"column":6},"end":{"line":105,"column":77}},"53":{"start":{"line":108,"column":4},"end":{"line":111,"column":7}},"54":{"start":{"line":113,"column":4},"end":{"line":113,"column":19}},"55":{"start":{"line":117,"column":0},"end":{"line":117,"column":24}}},"fnMap":{"0":{"name":"(anonymous_0)","decl":{"start":{"line":6,"column":16},"end":{"line":6,"column":17}},"loc":{"start":{"line":6,"column":42},"end":{"line":13,"column":1}},"line":6},"1":{"name":"(anonymous_1)","decl":{"start":{"line":15,"column":19},"end":{"line":15,"column":20}},"loc":{"start":{"line":15,"column":45},"end":{"line":28,"column":1}},"line":15},"2":{"name":"(anonymous_2)","decl":{"start":{"line":30,"column":17},"end":{"line":30,"column":18}},"loc":{"start":{"line":30,"column":43},"end":{"line":45,"column":1}},"line":30},"3":{"name":"(anonymous_3)","decl":{"start":{"line":47,"column":19},"end":{"line":47,"column":20}},"loc":{"start":{"line":47,"column":45},"end":{"line":78,"column":1}},"line":47},"4":{"name":"(anonymous_4)","decl":{"start":{"line":80,"column":22},"end":{"line":80,"column":23}},"loc":{"start":{"line":80,"column":48},"end":{"line":88,"column":1}},"line":80},"5":{"name":"(anonymous_5)","decl":{"start":{"line":90,"column":31},"end":{"line":90,"column":32}},"loc":{"start":{"line":90,"column":57},"end":{"line":115,"column":1}},"line":90}},"branchMap":{"0":{"loc":{"start":{"line":21,"column":4},"end":{"line":23,"column":5}},"type":"if","locations":[{"start":{"line":21,"column":4},"end":{"line":23,"column":5}},{"start":{},"end":{}}],"line":21},"1":{"loc":{"start":{"line":55,"column":4},"end":{"line":57,"column":5}},"type":"if","locations":[{"start":{"line":55,"column":4},"end":{"line":57,"column":5}},{"start":{},"end":{}}],"line":55},"2":{"loc":{"start":{"line":60,"column":4},"end":{"line":66,"column":5}},"type":"if","locations":[{"start":{"line":60,"column":4},"end":{"line":66,"column":5}},{"start":{"line":62,"column":11},"end":{"line":66,"column":5}}],"line":60},"3":{"loc":{"start":{"line":60,"column":8},"end":{"line":60,"column":36}},"type":"binary-expr","locations":[{"start":{"line":60,"column":8},"end":{"line":60,"column":28}},{"start":{"line":60,"column":32},"end":{"line":60,"column":36}}],"line":60},"4":{"loc":{"start":{"line":62,"column":11},"end":{"line":66,"column":5}},"type":"if","locations":[{"start":{"line":62,"column":11},"end":{"line":66,"column":5}},{"start":{"line":64,"column":11},"end":{"line":66,"column":5}}],"line":62},"5":{"loc":{"start":{"line":104,"column":4},"end":{"line":106,"column":5}},"type":"if","locations":[{"start":{"line":104,"column":4},"end":{"line":106,"column":5}},{"start":{},"end":{}}],"line":104}},"s":{"0":1,"1":1,"2":1,"3":1,"4":1,"5":1,"6":1,"7":1,"8":0,"9":1,"10":2,"11":2,"12":2,"13":2,"14":1,"15":1,"16":1,"17":1,"18":1,"19":1,"20":1,"21":1,"22":0,"23":1,"24":3,"25":3,"26":3,"27":3,"28":3,"29":2,"30":1,"31":0,"32":0,"33":0,"34":0,"35":0,"36":0,"37":0,"38":0,"39":3,"40":1,"41":1,"42":1,"43":1,"44":1,"45":0,"46":1,"47":0,"48":0,"49":0,"50":0,"51":0,"52":0,"53":0,"54":0,"55":1},"f":{"0":1,"1":2,"2":1,"3":3,"4":1,"5":0},"b":{"0":[1,1],"1":[2,1],"2":[0,0],"3":[0,0],"4":[0,0],"5":[0,0]},"_coverageSchema":"1a1c01bbd47fc00a2c39e90264f33305004495a9","hash":"386c40e170e2d9f55ef4f9b119c329c92eca206a"}
}
